{"C:\\Users\\alber\\Documents\\BACKEND\\app.js": {"path":"C:\\Users\\alber\\Documents\\BACKEND\\app.js","statementMap":{"0":{"start":{"line":1,"column":16},"end":{"line":1,"column":34}},"1":{"start":{"line":2,"column":12},"end":{"line":2,"column":21}},"2":{"start":{"line":3,"column":24},"end":{"line":3,"column":53}},"3":{"start":{"line":5,"column":0},"end":{"line":5,"column":24}},"4":{"start":{"line":6,"column":0},"end":{"line":6,"column":39}},"5":{"start":{"line":8,"column":0},"end":{"line":10,"column":3}},"6":{"start":{"line":9,"column":2},"end":{"line":9,"column":56}},"7":{"start":{"line":12,"column":0},"end":{"line":12,"column":21}},"8":{"start":{"line":14,"column":0},"end":{"line":18,"column":1}},"9":{"start":{"line":15,"column":2},"end":{"line":17,"column":4}},"10":{"start":{"line":16,"column":4},"end":{"line":16,"column":36}}},"fnMap":{"0":{"name":"(anonymous_0)","decl":{"start":{"line":8,"column":8},"end":{"line":8,"column":9}},"loc":{"start":{"line":8,"column":22},"end":{"line":10,"column":1}},"line":8},"1":{"name":"(anonymous_1)","decl":{"start":{"line":15,"column":39},"end":{"line":15,"column":40}},"loc":{"start":{"line":16,"column":4},"end":{"line":16,"column":36}},"line":16}},"branchMap":{"0":{"loc":{"start":{"line":14,"column":0},"end":{"line":18,"column":1}},"type":"if","locations":[{"start":{"line":14,"column":0},"end":{"line":18,"column":1}},{"start":{},"end":{}}],"line":14},"1":{"loc":{"start":{"line":15,"column":13},"end":{"line":15,"column":37}},"type":"binary-expr","locations":[{"start":{"line":15,"column":13},"end":{"line":15,"column":29}},{"start":{"line":15,"column":33},"end":{"line":15,"column":37}}],"line":15}},"s":{"0":1,"1":1,"2":1,"3":1,"4":1,"5":1,"6":1,"7":1,"8":1,"9":0,"10":0},"f":{"0":1,"1":0},"b":{"0":[0,1],"1":[0,0]},"_coverageSchema":"1a1c01bbd47fc00a2c39e90264f33305004495a9","hash":"9b113a8f4a2c7a41256a497911a08ee1393e10ff"}
,"C:\\Users\\alber\\Documents\\BACKEND\\db.js": {"path":"C:\\Users\\alber\\Documents\\BACKEND\\db.js","statementMap":{"0":{"start":{"line":1,"column":17},"end":{"line":1,"column":30}},"1":{"start":{"line":2,"column":15},"end":{"line":2,"column":32}},"2":{"start":{"line":4,"column":0},"end":{"line":4,"column":80}},"3":{"start":{"line":6,"column":13},"end":{"line":8,"column":2}},"4":{"start":{"line":10,"column":0},"end":{"line":10,"column":22}}},"fnMap":{},"branchMap":{"0":{"loc":{"start":{"line":4,"column":22},"end":{"line":4,"column":76}},"type":"cond-expr","locations":[{"start":{"line":4,"column":56},"end":{"line":4,"column":67}},{"start":{"line":4,"column":70},"end":{"line":4,"column":76}}],"line":4}},"s":{"0":1,"1":1,"2":1,"3":1,"4":1},"f":{},"b":{"0":[1,0]},"_coverageSchema":"1a1c01bbd47fc00a2c39e90264f33305004495a9","hash":"d535299ce10cb852f9617ac02bac8359a75003aa"}
,"C:\\Users\\alber\\Documents\\BACKEND\\models\\producto.js": {"path":"C:\\Users\\alber\\Documents\\BACKEND\\models\\producto.js","statementMap":{"0":{"start":{"line":1,"column":11},"end":{"line":1,"column":27}},"1":{"start":{"line":3,"column":17},"end":{"line":20,"column":1}},"2":{"start":{"line":5,"column":16},"end":{"line":5,"column":57}},"3":{"start":{"line":6,"column":4},"end":{"line":6,"column":20}},"4":{"start":{"line":10,"column":16},"end":{"line":13,"column":5}},"5":{"start":{"line":14,"column":4},"end":{"line":14,"column":23}},"6":{"start":{"line":18,"column":4},"end":{"line":18,"column":44}},"7":{"start":{"line":22,"column":0},"end":{"line":22,"column":26}}},"fnMap":{"0":{"name":"(anonymous_0)","decl":{"start":{"line":4,"column":2},"end":{"line":4,"column":3}},"loc":{"start":{"line":4,"column":17},"end":{"line":7,"column":3}},"line":4},"1":{"name":"(anonymous_1)","decl":{"start":{"line":9,"column":2},"end":{"line":9,"column":3}},"loc":{"start":{"line":9,"column":31},"end":{"line":15,"column":3}},"line":9},"2":{"name":"(anonymous_2)","decl":{"start":{"line":17,"column":2},"end":{"line":17,"column":3}},"loc":{"start":{"line":17,"column":20},"end":{"line":19,"column":3}},"line":17}},"branchMap":{},"s":{"0":1,"1":1,"2":1,"3":1,"4":2,"5":2,"6":4,"7":1},"f":{"0":1,"1":2,"2":4},"b":{},"_coverageSchema":"1a1c01bbd47fc00a2c39e90264f33305004495a9","hash":"598cfaedf718b9d8c2f4ef878adfb60a6a6bd12b"}
,"C:\\Users\\alber\\Documents\\BACKEND\\routes\\productos.js": {"path":"C:\\Users\\alber\\Documents\\BACKEND\\routes\\productos.js","statementMap":{"0":{"start":{"line":1,"column":16},"end":{"line":1,"column":34}},"1":{"start":{"line":2,"column":15},"end":{"line":2,"column":31}},"2":{"start":{"line":3,"column":17},"end":{"line":3,"column":46}},"3":{"start":{"line":5,"column":0},"end":{"line":8,"column":3}},"4":{"start":{"line":6,"column":20},"end":{"line":6,"column":43}},"5":{"start":{"line":7,"column":2},"end":{"line":7,"column":22}},"6":{"start":{"line":10,"column":0},"end":{"line":17,"column":3}},"7":{"start":{"line":11,"column":29},"end":{"line":11,"column":37}},"8":{"start":{"line":12,"column":2},"end":{"line":14,"column":3}},"9":{"start":{"line":13,"column":4},"end":{"line":13,"column":60}},"10":{"start":{"line":15,"column":16},"end":{"line":15,"column":53}},"11":{"start":{"line":16,"column":2},"end":{"line":16,"column":30}},"12":{"start":{"line":19,"column":0},"end":{"line":19,"column":24}}},"fnMap":{"0":{"name":"(anonymous_0)","decl":{"start":{"line":5,"column":16},"end":{"line":5,"column":17}},"loc":{"start":{"line":5,"column":36},"end":{"line":8,"column":1}},"line":5},"1":{"name":"(anonymous_1)","decl":{"start":{"line":10,"column":17},"end":{"line":10,"column":18}},"loc":{"start":{"line":10,"column":37},"end":{"line":17,"column":1}},"line":10}},"branchMap":{"0":{"loc":{"start":{"line":12,"column":2},"end":{"line":14,"column":3}},"type":"if","locations":[{"start":{"line":12,"column":2},"end":{"line":14,"column":3}},{"start":{},"end":{}}],"line":12},"1":{"loc":{"start":{"line":12,"column":6},"end":{"line":12,"column":24}},"type":"binary-expr","locations":[{"start":{"line":12,"column":6},"end":{"line":12,"column":13}},{"start":{"line":12,"column":17},"end":{"line":12,"column":24}}],"line":12}},"s":{"0":1,"1":1,"2":1,"3":1,"4":1,"5":1,"6":1,"7":2,"8":2,"9":1,"10":1,"11":1,"12":1},"f":{"0":1,"1":2},"b":{"0":[1,1],"1":[2,2]},"_coverageSchema":"1a1c01bbd47fc00a2c39e90264f33305004495a9","hash":"f56cbae0964c5db2e4365bd156c40cf8a338bfbe"}
}
